e:\c++\экзамен\guhamu4eckue_kojljlekljuu_gahhblx\guhamu4e.35ed3d60\x64\debug\vc143.pdb
e:\c++\экзамен\guhamu4eckue_kojljlekljuu_gahhblx\guhamu4e.35ed3d60\x64\debug\vc143.idb
e:\c++\экзамен\guhamu4eckue_kojljlekljuu_gahhblx\guhamu4e.35ed3d60\x64\debug\string.obj
e:\c++\экзамен\guhamu4eckue_kojljlekljuu_gahhblx\guhamu4e.35ed3d60\x64\debug\stack.obj
e:\c++\экзамен\guhamu4eckue_kojljlekljuu_gahhblx\guhamu4e.35ed3d60\x64\debug\singlelinkedlist.obj
e:\c++\экзамен\guhamu4eckue_kojljlekljuu_gahhblx\guhamu4e.35ed3d60\x64\debug\queue.obj
e:\c++\экзамен\guhamu4eckue_kojljlekljuu_gahhblx\guhamu4e.35ed3d60\x64\debug\list.obj
e:\c++\экзамен\guhamu4eckue_kojljlekljuu_gahhblx\guhamu4e.35ed3d60\x64\debug\linkedlist.obj
e:\c++\экзамен\guhamu4eckue_kojljlekljuu_gahhblx\guhamu4e.35ed3d60\x64\debug\guhamu4eckue_kojljlekljuu_gahhblx.obj
e:\c++\экзамен\guhamu4eckue_kojljlekljuu_gahhblx\guhamu4e.35ed3d60\x64\debug\dictionary.obj
e:\c++\экзамен\guhamu4eckue_kojljlekljuu_gahhblx\guhamu4e.35ed3d60\x64\debug\array.obj
e:\c++\экзамен\guhamu4eckue_kojljlekljuu_gahhblx\guhamu4e.35ed3d60\x64\debug\guhamu4eckue_kojljlekljuu_gahhblx.ilk
e:\c++\экзамен\guhamu4eckue_kojljlekljuu_gahhblx\x64\debug\guhamu4eckue_kojljlekljuu_gahhblx.pdb
e:\c++\экзамен\guhamu4eckue_kojljlekljuu_gahhblx\x64\debug\guhamu4eckue_kojljlekljuu_gahhblx.exe
e:\c++\экзамен\guhamu4eckue_kojljlekljuu_gahhblx\guhamu4e.35ed3d60\x64\debug\guhamu4e.35ed3d60.tlog\cl.read.1.tlog
e:\c++\экзамен\guhamu4eckue_kojljlekljuu_gahhblx\guhamu4e.35ed3d60\x64\debug\guhamu4e.35ed3d60.tlog\cl.write.1.tlog
e:\c++\экзамен\guhamu4eckue_kojljlekljuu_gahhblx\guhamu4e.35ed3d60\x64\debug\guhamu4e.35ed3d60.tlog\cl.command.1.tlog
e:\c++\экзамен\guhamu4eckue_kojljlekljuu_gahhblx\guhamu4e.35ed3d60\x64\debug\guhamu4e.35ed3d60.tlog\link.command.1.tlog
e:\c++\экзамен\guhamu4eckue_kojljlekljuu_gahhblx\guhamu4e.35ed3d60\x64\debug\guhamu4e.35ed3d60.tlog\cl.items.tlog
e:\c++\экзамен\guhamu4eckue_kojljlekljuu_gahhblx\guhamu4e.35ed3d60\x64\debug\guhamu4e.35ed3d60.tlog\link.read.1.tlog
e:\c++\экзамен\guhamu4eckue_kojljlekljuu_gahhblx\guhamu4e.35ed3d60\x64\debug\guhamu4e.35ed3d60.tlog\link.read.3.tlog
e:\c++\экзамен\guhamu4eckue_kojljlekljuu_gahhblx\guhamu4e.35ed3d60\x64\debug\guhamu4e.35ed3d60.tlog\link.write.1.tlog
e:\c++\экзамен\guhamu4eckue_kojljlekljuu_gahhblx\guhamu4e.35ed3d60\x64\debug\guhamu4e.35ed3d60.tlog\link.secondary.1.tlog
